<?xml version="1.0" encoding="utf-8"?><testsuites><testsuite name="pytest" errors="0" failures="0" skipped="0" tests="6" time="2.651" timestamp="2023-04-03T12:59:46.454687" hostname="ubuntu22-vm-038-157"><testcase classname="tests.unit.modules.network.sonic.test_sonic_vlans.TestSonicInterfacesModule" name="test_sonic_vlans_deleted_01_vlan_descr" file="tests/unit/modules/network/sonic/test_sonic_vlans.py" line="67" time="0.103" /><testcase classname="tests.unit.modules.network.sonic.test_sonic_vlans.TestSonicInterfacesModule" name="test_sonic_vlans_deleted_02_vlan" file="tests/unit/modules/network/sonic/test_sonic_vlans.py" line="74" time="0.094" /><testcase classname="tests.unit.modules.network.sonic.test_sonic_vlans.TestSonicInterfacesModule" name="test_sonic_vlans_merged_02" file="tests/unit/modules/network/sonic/test_sonic_vlans.py" line="60" time="0.111" /><testcase classname="tests.unit.modules.network.sonic.test_sonic_vlans.TestSonicInterfacesModule" name="test_sonic_vlans_merged_01" file="tests/unit/modules/network/sonic/test_sonic_vlans.py" line="53" time="0.107" /><testcase classname="tests.unit.modules.network.sonic.test_sonic_vlans.TestSonicInterfacesModule" name="test_sonic_vlans_replaced_01" file="tests/unit/modules/network/sonic/test_sonic_vlans.py" line="81" time="0.132" /><testcase classname="tests.unit.modules.network.sonic.test_sonic_vlans.TestSonicInterfacesModule" name="test_sonic_vlans_overridden_01" file="tests/unit/modules/network/sonic/test_sonic_vlans.py" line="88" time="0.124" /></testsuite></testsuites>